<?xml version="1.0" encoding="UTF-8"?>
<!-- Generated by org.testng.reporters.JUnitReportReporter -->
<testsuite hostname="Lenovo-PC" name="com.pack.common.tests.SignInPageTest" tests="1" failures="0" timestamp="5 Aug 2015 11:43:17 GMT" time="39.650" errors="0">
  <testcase name="verifySignInFunction" time="39.650" classname="com.pack.common.tests.SignInPageTest"/>
</testsuite> <!-- com.pack.common.tests.SignInPageTest -->
