<?xml version="1.0" encoding="UTF-8"?>
<!-- Generated by org.testng.reporters.JUnitReportReporter -->
<testsuite hostname="harri1" name="com.pack.common.tests.EmployerQuickRegTest" tests="1" failures="0" timestamp="27 Oct 2015 13:23:39 GMT" time="0.047" errors="0">
  <testcase name="TestEmpRegFirstStage" time="0.047" classname="com.pack.common.tests.EmployerQuickRegTest"/>
</testsuite> <!-- com.pack.common.tests.EmployerQuickRegTest -->
