<?xml version="1.0" encoding="UTF-8"?>
<!-- Generated by org.testng.reporters.JUnitReportReporter -->
<testsuite hostname="harri1" name="com.pack.common.tests.EmployerQuickRegTest" tests="1" failures="0" timestamp="28 Jul 2015 13:45:14 GMT" time="12.089" errors="0">
  <testcase name="TestEmpReg" time="12.089" classname="com.pack.common.tests.EmployerQuickRegTest"/>
</testsuite> <!-- com.pack.common.tests.EmployerQuickRegTest -->
