<?xml version="1.0" encoding="UTF-8"?>
<!-- Generated by org.testng.reporters.JUnitReportReporter -->
<testsuite hostname="Lenovo-PC" name="com.pack.common.tests.SignInPageTest" tests="1" failures="0" timestamp="23 Jul 2015 13:18:37 GMT" time="35.012" errors="0">
  <testcase name="verifySignInFunction" time="35.012" classname="com.pack.common.tests.SignInPageTest"/>
</testsuite> <!-- com.pack.common.tests.SignInPageTest -->
