<?xml version="1.0" encoding="UTF-8"?>
<!-- Generated by org.testng.reporters.JUnitReportReporter -->
<testsuite hostname="harri1" name="com.pack.common.tests.EmployerQuickRegTest" tests="1" failures="0" timestamp="30 Jul 2015 08:35:42 GMT" time="100.615" errors="0">
  <testcase name="TestEmpQuickRegFullstages" time="100.615" classname="com.pack.common.tests.EmployerQuickRegTest"/>
</testsuite> <!-- com.pack.common.tests.EmployerQuickRegTest -->
