<?xml version="1.0" encoding="UTF-8"?>
<!-- Generated by org.testng.reporters.JUnitReportReporter -->
<testsuite hostname="harri1" name="com.pack.common.tests.TestLogin" tests="1" failures="0" timestamp="27 Jul 2015 12:19:27 GMT" time="23.978" errors="0">
  <testcase name="LoginWithIncorrectAssociatedSocialMediaAccount" time="23.978" classname="com.pack.common.tests.TestLogin"/>
</testsuite> <!-- com.pack.common.tests.TestLogin -->
