<?xml version="1.0" encoding="UTF-8"?>
<!-- Generated by org.testng.reporters.JUnitReportReporter -->
<testsuite hostname="harri1" name="com.pack.common.tests.EmpFullRegTest" tests="1" failures="0" timestamp="29 Oct 2015 13:43:16 GMT" time="150.451" errors="0">
  <testcase name="SBSLTest" time="150.451" classname="com.pack.common.tests.EmpFullRegTest"/>
</testsuite> <!-- com.pack.common.tests.EmpFullRegTest -->
