<?xml version="1.0" encoding="UTF-8"?>
<!-- Generated by org.testng.reporters.JUnitReportReporter -->
<testsuite hostname="harri1" name="com.pack.common.tests.EmployerQuickRegTest" tests="1" failures="0" timestamp="5 Aug 2015 09:48:24 GMT" time="102.067" errors="0">
  <testcase name="TestEmpQuickRegFullstages" time="102.067" classname="com.pack.common.tests.EmployerQuickRegTest"/>
</testsuite> <!-- com.pack.common.tests.EmployerQuickRegTest -->
