<?xml version="1.0" encoding="UTF-8"?>
<!-- Generated by org.testng.reporters.JUnitReportReporter -->
<testsuite hostname="harri1" name="com.pack.common.tests.EmployerQuickRegTest" tests="1" failures="0" timestamp="29 Jul 2015 12:23:38 GMT" time="52.683" errors="0">
  <testcase name="TestEmpQuickRegFullstages" time="52.683" classname="com.pack.common.tests.EmployerQuickRegTest"/>
</testsuite> <!-- com.pack.common.tests.EmployerQuickRegTest -->
